2025-07-14 10:51:03 INFO  TC01_Register:15 - ********TC01_Register Starting************
2025-07-14 10:51:03 INFO  TC01_Register:20 - Account information
2025-07-14 10:51:05 INFO  TC01_Register:37 - Account Created Successfully
2025-07-14 10:51:05 INFO  TC01_Register:47 - ********TC01_Register Ending************
2025-07-14 10:51:09 INFO  TC02_Login:15 - *************TC_02 started**********
2025-07-14 10:51:11 INFO  TC02_Login:41 - **************TC_02 Ended************
2025-07-14 10:51:53 INFO  TC02_Login:15 - *************TC_02 started**********
2025-07-14 10:51:53 INFO  TC01_Register:15 - ********TC01_Register Starting************
2025-07-14 10:51:54 INFO  TC01_Register:20 - Account information
2025-07-14 10:51:56 INFO  TC02_Login:41 - **************TC_02 Ended************
2025-07-14 10:51:56 INFO  TC01_Register:37 - Account Created Successfully
2025-07-14 10:51:56 INFO  TC01_Register:47 - ********TC01_Register Ending************
2025-07-14 10:56:10 INFO  TC01_Register:15 - ********TC01_Register Starting************
2025-07-14 10:56:11 INFO  TC01_Register:20 - Account information
2025-07-14 10:56:12 INFO  TC01_Register:37 - Account Created Successfully
2025-07-14 10:56:12 INFO  TC01_Register:47 - ********TC01_Register Ending************
2025-07-14 10:56:15 INFO  TC02_Login:15 - *************TC_02 started**********
2025-07-14 10:56:17 INFO  TC02_Login:41 - **************TC_02 Ended************
2025-07-14 10:56:37 INFO  TC02_Login:15 - *************TC_02 started**********
2025-07-14 10:56:37 INFO  TC01_Register:15 - ********TC01_Register Starting************
2025-07-14 10:56:38 INFO  TC01_Register:20 - Account information
2025-07-14 10:56:39 INFO  TC02_Login:41 - **************TC_02 Ended************
2025-07-14 10:56:40 INFO  TC01_Register:37 - Account Created Successfully
2025-07-14 10:56:40 INFO  TC01_Register:47 - ********TC01_Register Ending************
2025-07-14 18:21:27 INFO  TC01_Register:15 - ********TC01_Register Starting************
2025-07-14 18:21:28 INFO  TC01_Register:20 - Account information
2025-07-14 18:21:30 INFO  TC01_Register:37 - Account Created Successfully
2025-07-14 18:21:30 INFO  TC01_Register:47 - ********TC01_Register Ending************
2025-07-14 18:21:35 INFO  TC02_Login:15 - *************TC_02 started**********
2025-07-14 18:21:38 INFO  TC02_Login:41 - **************TC_02 Ended************
2025-07-14 18:45:07 INFO  TC01_Register:15 - ********TC01_Register Starting************
2025-07-14 18:45:08 INFO  TC01_Register:20 - Account information
2025-07-14 18:45:09 INFO  TC01_Register:37 - Account Created Successfully
2025-07-14 18:45:09 INFO  TC01_Register:47 - ********TC01_Register Ending************
2025-07-14 18:45:14 INFO  TC02_Login:15 - *************TC_02 started**********
2025-07-14 18:45:16 INFO  TC02_Login:41 - **************TC_02 Ended************
2025-07-14 19:01:16 INFO  TC01_Register:15 - ********TC01_Register Starting************
2025-07-14 19:01:17 INFO  TC01_Register:20 - Account information
2025-07-14 19:01:19 INFO  TC01_Register:37 - Account Created Successfully
2025-07-14 19:01:19 INFO  TC01_Register:47 - ********TC01_Register Ending************
2025-07-14 19:01:24 INFO  TC02_Login:15 - *************TC_02 started**********
2025-07-14 19:01:26 INFO  TC02_Login:41 - **************TC_02 Ended************
2025-07-14 19:08:07 INFO  TC01_Register:15 - ********TC01_Register Starting************
2025-07-14 19:08:08 INFO  TC01_Register:20 - Account information
2025-07-14 19:08:10 INFO  TC01_Register:37 - Account Created Successfully
2025-07-14 19:08:10 INFO  TC01_Register:47 - ********TC01_Register Ending************
2025-07-14 19:08:15 INFO  TC02_Login:15 - *************TC_02 started**********
2025-07-14 19:08:18 INFO  TC02_Login:41 - **************TC_02 Ended************
